<?xml version="1.0" encoding="UTF-8"?>
<!-- Generated by org.testng.reporters.JUnitXMLReporter -->
<testsuite hostname="ganespal" ignored="0" name="Default test" tests="6" failures="0" timestamp="20 Apr 2019 19:42:34 GMT" time="39.108" errors="0">
  <testcase name="BasicCheck" time="3.639" classname="Com.Project.TestCase.TestCase"/>
  <testcase name="SearchCriteria" time="7.59" classname="Com.Project.TestCase.TestCase"/>
  <testcase name="GetBookDetails" time="5.789" classname="Com.Project.TestCase.TestCase"/>
  <testcase name="Get_PaperBack_Details" time="1.703" classname="Com.Project.TestCase.TestCase"/>
  <testcase name="Search" time="5.589" classname="Com.Project.TestCase.TestCase"/>
  <testcase name="Other" time="0.978" classname="Com.Project.TestCase.TestCase"/>
</testsuite> <!-- Default test -->
