<?xml version="1.0" encoding="UTF-8"?>
<!-- Generated by org.testng.reporters.JUnitXMLReporter -->
<testsuite hostname="ganespal" ignored="0" name="Default test" tests="6" failures="0" timestamp="21 Apr 2019 20:07:14 GMT" time="31.372" errors="0">
  <testcase name="BasicCheck" time="2.012" classname="Com.Project.TestCase.TestCase"/>
  <testcase name="SearchCriteria" time="6.1" classname="Com.Project.TestCase.TestCase"/>
  <testcase name="GetBookDetails" time="5.086" classname="Com.Project.TestCase.TestCase"/>
  <testcase name="Get_PaperBack_Details" time="1.104" classname="Com.Project.TestCase.TestCase"/>
  <testcase name="Kindle" time="6.069" classname="Com.Project.TestCase.TestCase"/>
  <testcase name="Other" time="0.736" classname="Com.Project.TestCase.TestCase"/>
</testsuite> <!-- Default test -->
