<?xml version="1.0" encoding="UTF-8"?>
<!-- Generated by org.testng.reporters.JUnitXMLReporter -->
<testsuite hostname="ganespal" ignored="0" name="Assignment Tests" tests="6" failures="0" timestamp="21 Apr 2019 07:21:00 GMT" time="106.59" errors="0">
  <testcase name="BasicCheck" time="4.022" classname="Com.Project.TestCase.TestCase"/>
  <testcase name="SearchCriteria" time="37.827" classname="Com.Project.TestCase.TestCase"/>
  <testcase name="GetBookDetails" time="8.026" classname="Com.Project.TestCase.TestCase"/>
  <testcase name="Get_PaperBack_Details" time="2.947" classname="Com.Project.TestCase.TestCase"/>
  <testcase name="Search" time="10.741" classname="Com.Project.TestCase.TestCase"/>
  <testcase name="Other" time="1.421" classname="Com.Project.TestCase.TestCase"/>
</testsuite> <!-- Assignment Tests -->
